o 
ortopedista
político
consejero
fuego
oso
gastroenterólogo
dramaturgo
río
antropólogo
músico
patólogo
remo
espacio
cielo
judo
filósofo
oncólogo
globo
boxeo
cardiólogo
barco
nefrólogo
lago
taekwondo
arquitecto
ministro
zoológico
perro
viento
secretario
físico
delegado
cirujano
oftalmólogo
dardo
atletismo
enfermero
diplomático
fotógrafo
baloncesto
anillo
químico
submarino
científico
veterinario
trineo
zapato
optometrista
arco
podólogo
rojo
maestro
senderismo
buceo
vino
notario
ciclismo
geólogo
abogado
amarillo
paracaidismo
neurólogo
trueno
libro
casco
dermatólogo
campo
moto
rayo
carro
sombrero
sociólogo
observatorio
telescopio
peluquero
camino
bolso
farmacéutico
hematólogo
médico
radiólogo
meteorólogo
oceanógrafo
biólogo
otro
pueblo
astrónomo
gato
montañismo
neumólogo
buzo
psicólogo
botánico
negro
escudo
blanco
arqueólogo
universo
organizador
